<?xml version="1.0" encoding="UTF-8"?>
<!-- Generated by org.testng.reporters.JUnitReportReporter -->
<testsuite hostname="DESKTOP-J9ASU0U" failures="0" tests="4" name="Test_POST" time="3.506" errors="0" timestamp="2021-09-05T23:24:38 BRT" skipped="0">
  <testcase classname="Test_POST" name="test_4_delete" time="0.477"/>
  <system-out/>
  <testcase classname="Test_POST" name="test_2_put" time="0.598"/>
  <system-out/>
  <testcase classname="Test_POST" name="test_3_patch" time="0.500"/>
  <system-out/>
  <testcase classname="Test_POST" name="test_1_post" time="1.931"/>
  <system-out/>
</testsuite> <!-- Test_POST -->
