<?xml version="1.0" encoding="UTF-8"?>
<!-- Generated by org.testng.reporters.JUnitReportReporter -->
<testsuite hostname="DESKTOP-J9ASU0U" failures="0" tests="4" name="Test_POST" time="4.346" errors="0" timestamp="2021-09-14T11:13:23 BRT" skipped="0">
  <testcase classname="Test_POST" name="test_1_post" time="2.709"/>
  <system-out/>
  <testcase classname="Test_POST" name="test_4_delete" time="0.504"/>
  <system-out/>
  <testcase classname="Test_POST" name="test_3_patch" time="0.536"/>
  <system-out/>
  <testcase classname="Test_POST" name="test_2_put" time="0.597"/>
  <system-out/>
</testsuite> <!-- Test_POST -->
